<?xml version="1.0" encoding="UTF-8"?>
<!-- Generated by org.testng.reporters.JUnitReportReporter -->
<testsuite hostname="DESKTOP-83EV5B8" failures="0" tests="1" name="testngdiscussion.ParallelClassExecution1" time="14.156" errors="0" timestamp="2023-06-22T16:23:13 IST" skipped="0">
  <testcase classname="testngdiscussion.ParallelClassExecution1" name="sliderValidation" time="14.156"/>
</testsuite> <!-- testngdiscussion.ParallelClassExecution1 -->
