<?xml version="1.0" encoding="UTF-8"?>
<!-- Generated by org.testng.reporters.JUnitReportReporter -->
<testsuite hostname="DESKTOP-83EV5B8" failures="0" tests="1" name="testngdiscussion.Annotations2" time="0.006" errors="0" timestamp="2023-06-18T16:59:02 IST" skipped="0">
  <testcase classname="testngdiscussion.Annotations2" name="testCase3" time="0.006"/>
</testsuite> <!-- testngdiscussion.Annotations2 -->
