<?xml version="1.0" encoding="UTF-8"?>
<!-- Generated by org.testng.reporters.JUnitReportReporter -->
<testsuite hostname="DESKTOP-83EV5B8" failures="0" tests="2" name="testngdiscussion.DependsOnMethods2" time="0.009" errors="0" timestamp="2023-06-18T16:57:02 IST" skipped="0">
  <testcase classname="testngdiscussion.DependsOnMethods2" name="uploadImage" time="0.005"/>
  <testcase classname="testngdiscussion.DependsOnMethods2" name="editProfile" time="0.004"/>
</testsuite> <!-- testngdiscussion.DependsOnMethods2 -->
