<?xml version="1.0" encoding="UTF-8"?>
<!-- Generated by org.testng.reporters.JUnitReportReporter -->
<testsuite hostname="DESKTOP-83EV5B8" failures="0" tests="1" name="testngdiscussion.ParallelClassExecution2" time="14.835" errors="0" timestamp="2023-06-22T16:23:13 IST" skipped="0">
  <testcase classname="testngdiscussion.ParallelClassExecution2" name="validateHover" time="14.835"/>
</testsuite> <!-- testngdiscussion.ParallelClassExecution2 -->
