<?xml version="1.0" encoding="UTF-8"?>
<!-- Generated by org.testng.reporters.JUnitReportReporter -->
<testsuite hostname="DESKTOP-83EV5B8" failures="0" tests="6" name="testngdiscussion.ParallelTestTagExecution" time="36.836" errors="0" timestamp="2023-06-22T16:29:16 IST" skipped="0">
  <testcase classname="testngdiscussion.ParallelTestTagExecution" name="redirectToUrl" time="20.042"/>
  <testcase classname="testngdiscussion.ParallelTestTagExecution" name="redirectToUrl" time="11.508"/>
  <testcase classname="testngdiscussion.ParallelTestTagExecution" name="searchProduct" time="3.072"/>
  <testcase classname="testngdiscussion.ParallelTestTagExecution" name="searchProduct" time="1.419"/>
  <testcase classname="testngdiscussion.ParallelTestTagExecution" name="addToCart" time="0.674"/>
  <testcase classname="testngdiscussion.ParallelTestTagExecution" name="addToCart" time="0.121"/>
</testsuite> <!-- testngdiscussion.ParallelTestTagExecution -->
