<?xml version="1.0" encoding="UTF-8"?>
<!-- Generated by org.testng.reporters.JUnitReportReporter -->
<testsuite hostname="DESKTOP-83EV5B8" failures="0" tests="2" name="testclass.HomeTest" time="0.789" errors="0" timestamp="2023-06-22T16:38:46 IST" skipped="0">
  <testcase classname="testclass.HomeTest" name="validateTitle" time="0.022"/>
  <testcase classname="testclass.HomeTest" name="navToSingleMalt" time="0.767"/>
</testsuite> <!-- testclass.HomeTest -->
