<?xml version="1.0" encoding="UTF-8"?>
<!-- Generated by org.testng.reporters.JUnitReportReporter -->
<testsuite hostname="DESKTOP-83EV5B8" failures="0" tests="2" name="testngdiscussion.TestCase" time="0.020" errors="0" timestamp="2023-06-13T09:55:18 IST" skipped="0">
  <testcase classname="testngdiscussion.TestCase" name="testCase1" time="0.016"/>
  <testcase classname="testngdiscussion.TestCase" name="testCase2" time="0.004"/>
</testsuite> <!-- testngdiscussion.TestCase -->
