<?xml version="1.0" encoding="UTF-8"?>
<!-- Generated by org.testng.reporters.JUnitReportReporter -->
<testsuite hostname="DESKTOP-83EV5B8" failures="0" tests="3" name="testngdiscussion.ParallelTestCaseExecution" time="0.069" errors="0" timestamp="2023-06-22T16:18:43 IST" skipped="0">
  <testcase classname="testngdiscussion.ParallelTestCaseExecution" name="testCase1" time="0.022"/>
  <testcase classname="testngdiscussion.ParallelTestCaseExecution" name="testCase3" time="0.023"/>
  <testcase classname="testngdiscussion.ParallelTestCaseExecution" name="testCase2" time="0.024"/>
</testsuite> <!-- testngdiscussion.ParallelTestCaseExecution -->
