<?xml version="1.0" encoding="UTF-8"?>
<!-- Generated by org.testng.reporters.JUnitReportReporter -->
<testsuite hostname="DESKTOP-83EV5B8" failures="0" tests="4" name="testclass.ProductTest" time="6.656" errors="0" timestamp="2023-06-22T16:38:46 IST" skipped="0">
  <testcase classname="testclass.ProductTest" name="validateFilter" time="0.774"/>
  <testcase classname="testclass.ProductTest" name="resetFilterValidation" time="0.427"/>
  <testcase classname="testclass.ProductTest" name="sortingFilter" time="2.781"/>
  <testcase classname="testclass.ProductTest" name="navToProduct" time="2.674"/>
</testsuite> <!-- testclass.ProductTest -->
