<?xml version="1.0" encoding="UTF-8"?>
<!-- Generated by org.testng.reporters.JUnitReportReporter -->
<testsuite hostname="DESKTOP-83EV5B8" failures="0" tests="2" name="testngdiscussion.Annotations" time="0.031" errors="0" timestamp="2023-06-18T16:59:02 IST" skipped="0">
  <testcase classname="testngdiscussion.Annotations" name="testCase1" time="0.019"/>
  <testcase classname="testngdiscussion.Annotations" name="testCase2" time="0.012"/>
</testsuite> <!-- testngdiscussion.Annotations -->
